<?xml version="1.0" encoding="UTF-8"?>
<!-- Generated by org.testng.reporters.JUnitReportReporter -->
<testsuite hostname="IN-MMeghana-1" name="com.apptest.qa.testcases.LoginPageTestCases" tests="2" failures="0" timestamp="4 May 2020 11:52:55 GMT" time="21.017" errors="0">
  <testcase name="loginPageTitleTest" time="8.592" classname="com.apptest.qa.testcases.LoginPageTestCases"/>
  <testcase name="loginTest" time="12.425" classname="com.apptest.qa.testcases.LoginPageTestCases"/>
</testsuite> <!-- com.apptest.qa.testcases.LoginPageTestCases -->
